[19:42:53] [ServerMain/INFO]: Environment: authHost='https://authserver.mojang.com', accountsHost='https://api.mojang.com', sessionHost='https://sessionserver.mojang.com', servicesHost='https://api.minecraftservices.com', name='PROD'
[19:42:54] [ServerMain/INFO]: Loaded 7 recipes
[19:42:54] [ServerMain/INFO]: Loaded 1271 advancements
[19:42:55] [Server thread/INFO]: Starting minecraft server version 1.20.1
[19:42:55] [Server thread/INFO]: Loading properties
[19:42:55] [Server thread/INFO]: Default game type: SURVIVAL
[19:42:55] [Server thread/INFO]: Generating keypair
[19:42:55] [Server thread/INFO]: Starting Minecraft server on *:25565
[19:42:55] [Server thread/INFO]: Using epoll channel type
[19:42:55] [Server thread/WARN]: **** FAILED TO BIND TO PORT!
[19:42:55] [Server thread/WARN]: The exception was: io.netty.channel.unix.Errors$NativeIoException: bind(..) failed: Address already in use
[19:42:55] [Server thread/WARN]: Perhaps a server is already running on that port?
[19:42:55] [Server thread/ERROR]: Encountered an unexpected exception
java.lang.IllegalStateException: Failed to initialize server
	at net.minecraft.server.MinecraftServer.w(SourceFile:684) ~[server-1.20.1.jar:?]
	at net.minecraft.server.MinecraftServer.a(SourceFile:265) ~[server-1.20.1.jar:?]
	at java.lang.Thread.run(Thread.java:1583) ~[?:?]
[19:42:55] [Server thread/ERROR]: This crash report has been saved to: /workspaces/Minecraft-server/servidor_minecraft/./crash-reports/crash-2024-07-16_19.42.55-server.txt
[19:42:55] [Server thread/INFO]: Stopping server
[19:42:55] [Server thread/INFO]: Saving worlds
[19:42:55] [Server thread/ERROR]: Exception stopping the server
java.lang.NullPointerException: Cannot invoke "aif.w_()" because "$$5" is null
	at net.minecraft.server.MinecraftServer.a(SourceFile:541) ~[server-1.20.1.jar:?]
	at net.minecraft.server.MinecraftServer.t(SourceFile:602) ~[server-1.20.1.jar:?]
	at ahe.t(SourceFile:537) ~[server-1.20.1.jar:?]
	at net.minecraft.server.MinecraftServer.w(SourceFile:703) ~[server-1.20.1.jar:?]
	at net.minecraft.server.MinecraftServer.a(SourceFile:265) ~[server-1.20.1.jar:?]
	at java.lang.Thread.run(Thread.java:1583) ~[?:?]
